yarn run v1.22.21
$ react-scripts start
[34mℹ[39m [90m｢wds｣[39m: Project is running at http://192.168.200.36/
[34mℹ[39m [90m｢wds｣[39m: webpack output is served from 
[34mℹ[39m [90m｢wds｣[39m: Content not from webpack is served from /root/interface2.6.4/public
[34mℹ[39m [90m｢wds｣[39m: 404s will fallback to /
Starting the development server...

node:events:497
      throw er; // Unhandled 'error' event
      ^

Error: EBADF: bad file descriptor, read
Emitted 'error' event on ReadStream instance at:
    at emitErrorNT (node:internal/streams/destroy:169:8)
    at errorOrDestroy (node:internal/streams/destroy:238:7)
    at node:internal/fs/streams:272:9
    at FSReqCallback.wrapper [as oncomplete] (node:fs:687:5) {
  errno: -9,
  code: 'EBADF',
  syscall: 'read'
}

Node.js v21.2.0
error Command failed with exit code 1.
info Visit https://yarnpkg.com/en/docs/cli/run for documentation about this command.
yarn run v1.22.21
$ react-scripts start
[34mℹ[39m [90m｢wds｣[39m: Project is running at http://192.168.200.36/
[34mℹ[39m [90m｢wds｣[39m: webpack output is served from 
[34mℹ[39m [90m｢wds｣[39m: Content not from webpack is served from /root/interface2.6.4/public
[34mℹ[39m [90m｢wds｣[39m: 404s will fallback to /
Starting the development server...

node:events:495
      throw er; // Unhandled 'error' event
      ^

Error: EBADF: bad file descriptor, read
Emitted 'error' event on ReadStream instance at:
    at emitErrorNT (node:internal/streams/destroy:151:8)
    at errorOrDestroy (node:internal/streams/destroy:214:7)
    at node:internal/fs/streams:260:9
    at FSReqCallback.wrapper [as oncomplete] (node:fs:684:5) {
  errno: -9,
  code: 'EBADF',
  syscall: 'read'
}

Node.js v18.18.2
error Command failed with exit code 1.
info Visit https://yarnpkg.com/en/docs/cli/run for documentation about this command.
